<?xml version="1.0" encoding="UTF-8"?>
<!-- Generated by org.testng.reporters.JUnitXMLReporter -->
<testsuite hostname="IN5CD94237KD" ignored="0" name="Pega Inbound Interaction Recent History Regression Test" tests="1" failures="0" timestamp="2021-07-06T10:59:10 IST" time="132.813" errors="0">
  <testcase name="VerifyIntractionHistoryRunSuccessfully" time="113.014" classname="Mccm.Pega.Inbound.PegaTest.PegamarktIntrctnHistoryTest"/>
</testsuite> <!-- Pega Inbound Interaction Recent History Regression Test -->
