<?xml version="1.0" encoding="UTF-8"?>
<testng-results skipped="0" failed="0" ignored="0" total="1" passed="1">
  <reporter-output>
  </reporter-output>
  <suite name="Default suite" duration-ms="67053" started-at="2021-07-08T11:28:37 IST" finished-at="2021-07-08T11:29:44 IST">
    <groups>
    </groups>
    <test name="Default test" duration-ms="67053" started-at="2021-07-08T11:28:37 IST" finished-at="2021-07-08T11:29:44 IST">
      <class name="Mccm.Pega.Outbound.PegaTest.DataLoadDetailsTest">
        <test-method status="PASS" signature="setup()[pri:0, instance:Mccm.Pega.Outbound.PegaTest.DataLoadDetailsTest@1f59a598]" name="setup" is-config="true" duration-ms="22341" started-at="2021-07-08T11:28:37 IST" finished-at="2021-07-08T11:28:59 IST">
          <reporter-output>
          </reporter-output>
        </test-method> <!-- setup -->
        <test-method status="PASS" signature="VerifyOutboundOracleCansadraDataLoadedSuccessfully()[pri:1, instance:Mccm.Pega.Outbound.PegaTest.DataLoadDetailsTest@1f59a598]" name="VerifyOutboundOracleCansadraDataLoadedSuccessfully" duration-ms="44667" started-at="2021-07-08T11:28:59 IST" finished-at="2021-07-08T11:29:44 IST">
          <reporter-output>
          </reporter-output>
        </test-method> <!-- VerifyOutboundOracleCansadraDataLoadedSuccessfully -->
        <test-method status="PASS" signature="teardown()[pri:0, instance:Mccm.Pega.Outbound.PegaTest.DataLoadDetailsTest@1f59a598]" name="teardown" is-config="true" duration-ms="0" started-at="2021-07-08T11:29:44 IST" finished-at="2021-07-08T11:29:44 IST">
          <reporter-output>
          </reporter-output>
        </test-method> <!-- teardown -->
      </class> <!-- Mccm.Pega.Outbound.PegaTest.DataLoadDetailsTest -->
    </test> <!-- Default test -->
  </suite> <!-- Default suite -->
</testng-results>
